17:11:05: Creating resource group General
17:11:05: Creating resource group OgreInternal
17:11:05: Creating resource group OgreAutodetect
17:11:05: Registering ResourceManager for type Mesh
17:11:05: Registering ResourceManager for type Material
17:11:05: Registering ResourceManager for type Skeleton
17:11:05: XMLMeshSerializer reading mesh data from jaiqua.mesh.xml...
17:11:05: Reading submeshes...
17:11:05: Reading geometry...
17:11:05: Geometry done...
17:11:05: Reading bone assignments...
17:11:05: Bone assignments done.
17:11:05: Submeshes done.
17:11:05: Skeleton: Loading jaiqua.skeleton
17:11:05: FileNotFoundException: Cannot locate resource jaiqua.skeleton in resource group General. in ResourceGroupManager::openResource at C:\Users\Ana\FDI\IG2\OGRE\ogre-1.10.8\OgreMain\src\OgreResourceGroupManager.cpp (line 708)
17:11:05: Unable to load skeleton jaiqua.skeleton for Mesh conversion. This Mesh will not be animated. You can ignore this message if you are using an offline tool.
17:11:05: Reading mesh names...
17:11:05: Mesh names done.
17:11:05: XMLMeshSerializer import successful.
17:11:05: Reorganising vertex buffers to automatic layout...
17:11:05: MeshSerializer writing mesh data to stream ...
17:11:05: File header written.
17:11:05: Writing mesh data...
17:11:05: Writing submesh...
17:11:05: Exporting submesh texture aliases...
17:11:05: Submesh texture aliases exported.
17:11:05: Exporting dedicated geometry bone assignments...
17:11:05: Dedicated geometry bone assignments exported.
17:11:05: Submesh exported.
17:11:05: Exporting skeleton link...
17:11:05: Skeleton link exported.
17:11:05: Exporting bounds information....
17:11:05: Bounds information exported.
17:11:05: Exporting submesh name table...
17:11:05: Submesh name table exported.
17:11:05: Mesh data exported.
17:11:05: MeshSerializer export successful.
17:11:05: Unregistering ResourceManager for type Skeleton
17:11:05: Unregistering ResourceManager for type Material
17:11:05: Unregistering ResourceManager for type Mesh
