c:\users\jeremy\documents\uni\ig2.2\proyectosogre\holaogre\debug\vc120.pdb
c:\users\jeremy\documents\uni\ig2.2\proyectosogre\holaogre\debug\vc120.idb
c:\users\jeremy\documents\uni\ig2.2\proyectosogre\holaogre\debug\bombaman.obj
c:\users\jeremy\documents\uni\ig2.2\proyectosogre\holaogre\debug\bombaobserver.obj
c:\users\jeremy\documents\uni\ig2.2\proyectosogre\holaogre\debug\fondoman.obj
c:\users\jeremy\documents\uni\ig2.2\proyectosogre\holaogre\debug\holaapp.obj
c:\users\jeremy\documents\uni\ig2.2\proyectosogre\holaogre\debug\myapplicationcontext.obj
c:\users\jeremy\documents\uni\ig2.2\proyectosogre\holaogre\debug\objectman.obj
c:\users\jeremy\documents\uni\ig2.2\proyectosogre\holaogre\debug\panelman.obj
c:\users\jeremy\documents\uni\ig2.2\proyectosogre\holaogre\debug\sinbadman.obj
c:\users\jeremy\documents\uni\ig2.2\proyectosogre\holaogre\debug\main.obj
c:\users\jeremy\documents\uni\ig2.2\proyectosogre\bin\holaogredebug.ilk
c:\users\jeremy\documents\uni\ig2.2\proyectosogre\bin\holaogredebug.exe
c:\users\jeremy\documents\uni\ig2.2\proyectosogre\bin\holaogredebug.pdb
c:\users\jeremy\documents\uni\ig2.2\proyectosogre\holaogre\debug\holaogre.tlog\cl.command.1.tlog
c:\users\jeremy\documents\uni\ig2.2\proyectosogre\holaogre\debug\holaogre.tlog\cl.read.1.tlog
c:\users\jeremy\documents\uni\ig2.2\proyectosogre\holaogre\debug\holaogre.tlog\cl.write.1.tlog
c:\users\jeremy\documents\uni\ig2.2\proyectosogre\holaogre\debug\holaogre.tlog\link.command.1.tlog
c:\users\jeremy\documents\uni\ig2.2\proyectosogre\holaogre\debug\holaogre.tlog\link.read.1.tlog
c:\users\jeremy\documents\uni\ig2.2\proyectosogre\holaogre\debug\holaogre.tlog\link.write.1.tlog
